Using pre-set license
Built from '2020.3/staging' branch; Version is '2020.3.0f1 (c7b5465681fb) revision 13088070'; Using compiler version '192528614'; Build Type 'Release'
OS: 'Windows 10 Pro; OS build 19041.928; Version 2004; 64bit' Language: 'en' Physical Memory: 8074 MB
BatchMode: 1, IsHumanControllingUs: 0, StartBugReporterOnCrash: 0, Is64bit: 1, IsPro: 0

 COMMAND LINE ARGUMENTS:
C:\Program Files\Unity\Hub\Editor\2020.3.0f1\Editor\Unity.exe
-adb2
-batchMode
-noUpm
-name
AssetImportWorker1
-projectPath
C:/Users/bubbl/OneDrive/Documents/Unity Projects/Artifact 3.0
-logFile
Logs/AssetImportWorker1.log
-srvPort
50128
Successfully changed project path to: C:/Users/bubbl/OneDrive/Documents/Unity Projects/Artifact 3.0
C:/Users/bubbl/OneDrive/Documents/Unity Projects/Artifact 3.0
Using Asset Import Pipeline V2.
Refreshing native plugins compatible for Editor in 68.17 ms, found 1 plugins.
Preloading 0 native plugins for Editor in 0.00 ms.
Initialize engine version: 2020.3.0f1 (c7b5465681fb)
[Subsystems] Discovering subsystems at path C:/Program Files/Unity/Hub/Editor/2020.3.0f1/Editor/Data/Resources/UnitySubsystems
[Subsystems] Discovering subsystems at path C:/Users/bubbl/OneDrive/Documents/Unity Projects/Artifact 3.0/Assets
GfxDevice: creating device client; threaded=0
Direct3D:
    Version:  Direct3D 11.0 [level 11.1]
    Renderer: AMD Radeon R9 200 Series (ID=0x67b1)
    Vendor:   
    VRAM:     4072 MB
    Driver:   27.20.1034.6
Initialize mono
Mono path[0] = 'C:/Program Files/Unity/Hub/Editor/2020.3.0f1/Editor/Data/Managed'
Mono path[1] = 'C:/Program Files/Unity/Hub/Editor/2020.3.0f1/Editor/Data/MonoBleedingEdge/lib/mono/unityjit'
Mono config path = 'C:/Program Files/Unity/Hub/Editor/2020.3.0f1/Editor/Data/MonoBleedingEdge/etc'
Using monoOptions --debugger-agent=transport=dt_socket,embedding=1,server=y,suspend=n,address=127.0.0.1:56320
Begin MonoManager ReloadAssembly
Registering precompiled unity dll's ...
Register platform support module: C:/Program Files/Unity/Hub/Editor/2020.3.0f1/Editor/Data/PlaybackEngines/WindowsStandaloneSupport/UnityEditor.WindowsStandalone.Extensions.dll
Registered in 0.002566 seconds.
Native extension for WindowsStandalone target not found
Refreshing native plugins compatible for Editor in 66.12 ms, found 1 plugins.
Preloading 0 native plugins for Editor in 0.00 ms.
Invoked RoslynAnalysisRunner static constructor.
RoslynAnalysisRunner will not be running.
RoslynAnalysisRunner has terminated.
Mono: successfully reloaded assembly
- Completed reload, in  1.425 seconds
Platform modules already initialized, skipping
Registering precompiled user dll's ...
Registered in 0.005609 seconds.
Begin MonoManager ReloadAssembly
Native extension for WindowsStandalone target not found
Refreshing native plugins compatible for Editor in 69.28 ms, found 1 plugins.
Preloading 0 native plugins for Editor in 0.00 ms.
Invoked RoslynAnalysisRunner static constructor.
RoslynAnalysisRunner will not be running.
RoslynAnalysisRunner has terminated.
Find all reader and writers took 169 milliseconds
Script Module: UnityEngine.UI.dll
Weave behaviours and messages took91 milliseconds
Find all reader and writers took 102 milliseconds
Script Module: UnityEngine.TestRunner.dll
Weave behaviours and messages took27 milliseconds
Find all reader and writers took 101 milliseconds
Script Module: Unity.Mathematics.dll
Weave behaviours and messages took240 milliseconds
Find all reader and writers took 90 milliseconds
Script Module: Unity.2D.Animation.Triangle.Runtime.dll
Weave behaviours and messages took41 milliseconds
Find all reader and writers took 98 milliseconds
Script Module: SimpleWebTransport.dll
Weave behaviours and messages took9 milliseconds
Find all reader and writers took 98 milliseconds
Script Module: Unity.Timeline.dll
Weave behaviours and messages took37 milliseconds
Find all reader and writers took 110 milliseconds
Script Module: Mirror.Examples.dll
[Projectile] NetworkBehaviourProcessor
[Tank] NetworkBehaviourProcessor
[NetworkRoomPlayer] NetworkBehaviourProcessor
[NetworkRoomPlayerExt] NetworkBehaviourProcessor
[PlayerController] NetworkBehaviourProcessor
[PlayerScore] NetworkBehaviourProcessor
[RandomColor] NetworkBehaviourProcessor
[Reward] NetworkBehaviourProcessor
[AddForce] NetworkBehaviourProcessor
[Ball] NetworkBehaviourProcessor
[Player] NetworkBehaviourProcessor
[MatchController] NetworkBehaviourProcessor
[PhysicsCollision] NetworkBehaviourProcessor
[PlayerController] NetworkBehaviourProcessor
[PlayerScore] NetworkBehaviourProcessor
[RandomColor] NetworkBehaviourProcessor
[Reward] NetworkBehaviourProcessor
[Player] NetworkBehaviourProcessor
[MonsterMovement] NetworkBehaviourProcessor
[PlayerMovement] NetworkBehaviourProcessor
[Player] NetworkBehaviourProcessor
[PlayerController] NetworkBehaviourProcessor
[RandomColor] NetworkBehaviourProcessor
[ShootingTankBehaviour] NetworkBehaviourProcessor
Weave behaviours and messages took199 milliseconds
  ProcessSitesModule Mirror.Examples.dll elapsed time:00:00:00.0159946
Find all reader and writers took 111 milliseconds
Script Module: Mirror.Components.dll
[NetworkAnimator] NetworkBehaviourProcessor
[NetworkRoomPlayer] NetworkBehaviourProcessor
[NetworkLobbyPlayer] NetworkBehaviourProcessor
[NetworkVisibility] NetworkBehaviourProcessor
[NetworkVisibility] Found NetworkBehaviour Mirror.NetworkVisibility
[NetworkVisibility] Process Start
[NetworkVisibility]   GenerateSerialization
[NetworkVisibility]   GenerateDeSerialization
[NetworkVisibility] Process Done
[NetworkMatchChecker] NetworkBehaviourProcessor
[NetworkVisibility] NetworkBehaviourProcessor
[NetworkOwnerChecker] NetworkBehaviourProcessor
[NetworkVisibility] NetworkBehaviourProcessor
[NetworkProximityChecker] NetworkBehaviourProcessor
[NetworkRoomPlayer] NetworkBehaviourProcessor
[NetworkVisibility] NetworkBehaviourProcessor
[NetworkSceneChecker] NetworkBehaviourProcessor
[NetworkTransformBase] NetworkBehaviourProcessor
[NetworkTransform] NetworkBehaviourProcessor
[NetworkTransformBase] NetworkBehaviourProcessor
[NetworkTransformBase] NetworkBehaviourProcessor
[NetworkTransformChild] NetworkBehaviourProcessor
[NetworkLerpRigidbody] NetworkBehaviourProcessor
[NetworkRigidbody] NetworkBehaviourProcessor
[NetworkRigidbody2D] NetworkBehaviourProcessor
[NetworkTransformBase] NetworkBehaviourProcessor
[NetworkTransform] NetworkBehaviourProcessor
[NetworkTransformBase] NetworkBehaviourProcessor
[NetworkTransformBase] NetworkBehaviourProcessor
[NetworkTransformChild] NetworkBehaviourProcessor
Weave behaviours and messages took115 milliseconds
  ProcessSitesModule Mirror.Components.dll elapsed time:00:00:00.0039980
Find all reader and writers took 112 milliseconds
Script Module: Mirror.Tests.Common.dll
Weave behaviours and messages took2 milliseconds
Find all reader and writers took 119 milliseconds
Script Module: Unity.TextMeshPro.dll
Weave behaviours and messages took81 milliseconds
Find all reader and writers took 91 milliseconds
Script Module: Unity.2D.Animation.Runtime.dll
Weave behaviours and messages took7 milliseconds
Find all reader and writers took 98 milliseconds
Script Module: Assembly-CSharp.dll
[Card] NetworkBehaviourProcessor
[Card] NetworkBehaviourProcessor
[Enchantment] NetworkBehaviourProcessor
[Card] NetworkBehaviourProcessor
[Spell] NetworkBehaviourProcessor
[ArcBolt] NetworkBehaviourProcessor
[Card] NetworkBehaviourProcessor
[Spell] NetworkBehaviourProcessor
[CreepReinforcements] NetworkBehaviourProcessor
[Card] NetworkBehaviourProcessor
[Spell] NetworkBehaviourProcessor
[CunningPlan] NetworkBehaviourProcessor
[Card] NetworkBehaviourProcessor
[Spell] NetworkBehaviourProcessor
[DiabolicConclusion] NetworkBehaviourProcessor
[Card] NetworkBehaviourProcessor
[Spell] NetworkBehaviourProcessor
[LightningStrike] NetworkBehaviourProcessor
[Card] NetworkBehaviourProcessor
[Spell] NetworkBehaviourProcessor
[PoisedToStrike] NetworkBehaviourProcessor
[Card] NetworkBehaviourProcessor
[Spell] NetworkBehaviourProcessor
[Card] NetworkBehaviourProcessor
[Spell] NetworkBehaviourProcessor
[Ventriloquy] NetworkBehaviourProcessor
[Card] NetworkBehaviourProcessor
[Unit] NetworkBehaviourProcessor
[Hero] NetworkBehaviourProcessor
[Card] NetworkBehaviourProcessor
[Unit] NetworkBehaviourProcessor
[Hero] NetworkBehaviourProcessor
[PhantomAssassin] NetworkBehaviourProcessor
[Card] NetworkBehaviourProcessor
[Unit] NetworkBehaviourProcessor
[Hero] NetworkBehaviourProcessor
[Sven] NetworkBehaviourProcessor
[Card] NetworkBehaviourProcessor
[Unit] NetworkBehaviourProcessor
[DragDrop] NetworkBehaviourProcessor
[DrawCards] NetworkBehaviourProcessor
[CardSlot] NetworkBehaviourProcessor
[GameManager] NetworkBehaviourProcessor
[LaneManager] NetworkBehaviourProcessor
[PlayerManager] NetworkBehaviourProcessor
[TowerManager] NetworkBehaviourProcessor
[UIManager] NetworkBehaviourProcessor
Weave behaviours and messages took17 milliseconds
Find all reader and writers took 141 milliseconds
Script Module: Unity.2D.IK.Runtime.dll
Weave behaviours and messages took4 milliseconds
Find all reader and writers took 98 milliseconds
Script Module: Mirror.Tests.Runtime.dll
Weave behaviours and messages took9 milliseconds
Find all reader and writers took 100 milliseconds
Script Module: Unity.2D.SpriteShape.Runtime.dll
Weave behaviours and messages took30 milliseconds
Find all reader and writers took 91 milliseconds
Script Module: Telepathy.dll
Weave behaviours and messages took6 milliseconds
Find all reader and writers took 156 milliseconds
Script Module: Mirror.Authenticators.dll
Weave behaviours and messages took81 milliseconds
  ProcessSitesModule Mirror.Authenticators.dll elapsed time:00:00:00.0029988
Find all reader and writers took 94 milliseconds
Script Module: kcp2k.dll
Weave behaviours and messages took4 milliseconds
Find all reader and writers took 96 milliseconds
Script Module: Unity.2D.PixelPerfect.dll
Weave behaviours and messages took1 milliseconds
Find all reader and writers took 96 milliseconds
Script Module: Mirror.Examples.Cloud.GUI.dll
Weave behaviours and messages took5 milliseconds
Find all reader and writers took 97 milliseconds
Script Module: Mirror.Cloud.dll
Weave behaviours and messages took3 milliseconds
Find all reader and writers took 106 milliseconds
Script Module: Mirror.Examples.Cloud.Pong.dll
[Ball] NetworkBehaviourProcessor
[BallManager] NetworkBehaviourProcessor
[Player] NetworkBehaviourProcessor
Weave behaviours and messages took75 milliseconds
  ProcessSitesModule Mirror.Examples.Cloud.Pong.dll elapsed time:00:00:00.0029991
Find all reader and writers took 97 milliseconds
Script Module: Unity.2D.Common.Runtime.dll
Weave behaviours and messages took0 milliseconds
Find all reader and writers took 131 milliseconds
Script Module: Unity.InternalAPIEngineBridge.001.dll
Weave behaviours and messages took0 milliseconds
Find all reader and writers took 98 milliseconds
Script Module: Mirror.Tests.Performance.Runtime.dll
Weave behaviours and messages took0 milliseconds
Find all reader and writers took 151 milliseconds
Script Module: UnityEditor.TestRunner.dll
Weave behaviours and messages took52 milliseconds
Find all reader and writers took 125 milliseconds
Script Module: UnityEditor.UI.dll
Weave behaviours and messages took16 milliseconds
Find all reader and writers took 107 milliseconds
Script Module: PsdPlugin.dll
Weave behaviours and messages took20 milliseconds
Find all reader and writers took 141 milliseconds
Script Module: Mirror.Tests.dll
[EmptyBehaviour] NetworkBehaviourProcessor
[SyncVarGameObjectEqualExposedBehaviour] NetworkBehaviourProcessor
[SyncVarNetworkIdentityEqualExposedBehaviour] NetworkBehaviourProcessor
[NetworkBehaviourSendCommandInternalComponent] NetworkBehaviourProcessor
[NetworkBehaviourSendRPCInternalComponent] NetworkBehaviourProcessor
[NetworkBehaviourSendTargetRPCInternalComponent] NetworkBehaviourProcessor
[NetworkBehaviourDelegateComponent] NetworkBehaviourProcessor
[NetworkBehaviourSetSyncVarGameObjectComponent] NetworkBehaviourProcessor
[NetworkBehaviourGetSyncVarGameObjectComponent] NetworkBehaviourProcessor
[NetworkBehaviourSetSyncVarNetworkIdentityComponent] NetworkBehaviourProcessor
[NetworkBehaviourGetSyncVarNetworkIdentityComponent] NetworkBehaviourProcessor
[NetworkBehaviourInitSyncObjectExposed] NetworkBehaviourProcessor
[OnStopClientComponent] NetworkBehaviourProcessor
[OnStartClientComponent] NetworkBehaviourProcessor
[OnStartLocalPlayerComponent] NetworkBehaviourProcessor
[NetworkBehaviourHookGuardTester] NetworkBehaviourProcessor
[NetworkBehaviourInitSyncObjectTester] NetworkBehaviourProcessor
[CommandTestNetworkBehaviour] NetworkBehaviourProcessor
[RpcTestNetworkBehaviour] NetworkBehaviourProcessor
[OnStartClientTestNetworkBehaviour] NetworkBehaviourProcessor
[OnStopClientTestNetworkBehaviour] NetworkBehaviourProcessor
[TestObjectBehaviour] NetworkBehaviourProcessor
[TestPlayerBehaviour] NetworkBehaviourProcessor
[HookBehaviour] NetworkBehaviourProcessor
[GameObjectHookBehaviour] NetworkBehaviourProcessor
[NetworkIdentityHookBehaviour] NetworkBehaviourProcessor
[NetworkBehaviourHookBehaviour] NetworkBehaviourProcessor
[StaticHookBehaviour] NetworkBehaviourProcessor
[VirtualHookBase] NetworkBehaviourProcessor
[VirtualHookBase] NetworkBehaviourProcessor
[VirtualOverrideHook] NetworkBehaviourProcessor
[AbstractHookBase] NetworkBehaviourProcessor
[AbstractHookBase] NetworkBehaviourProcessor
[AbstractHook] NetworkBehaviourProcessor
[MockPlayer] NetworkBehaviourProcessor
[SyncVarGameObject] NetworkBehaviourProcessor
[SyncVarNetworkIdentity] NetworkBehaviourProcessor
[SyncVarTransform] NetworkBehaviourProcessor
[SyncVarNetworkBehaviour] NetworkBehaviourProcessor
[AbstractBehaviour] NetworkBehaviourProcessor
[BehaviourWithSyncVar] NetworkBehaviourProcessor
[AbstractBehaviour] NetworkBehaviourProcessor
[OverrideBehaviourFromSyncVar] NetworkBehaviourProcessor
[AbstractBehaviour] NetworkBehaviourProcessor
[OverrideBehaviourWithSyncVarFromSyncVar] NetworkBehaviourProcessor
[AbstractBehaviour] NetworkBehaviourProcessor
[MiddleClass] NetworkBehaviourProcessor
[AbstractBehaviour] NetworkBehaviourProcessor
[MiddleClass] NetworkBehaviourProcessor
[SubClass] NetworkBehaviourProcessor
[AbstractBehaviour] NetworkBehaviourProcessor
[MiddleClassWithSyncVar] NetworkBehaviourProcessor
[AbstractBehaviour] NetworkBehaviourProcessor
[MiddleClassWithSyncVar] NetworkBehaviourProcessor
[SubClassFromSyncVar] NetworkBehaviourProcessor
[BehaviourWithSyncVarWithOnSerialize] NetworkBehaviourProcessor
[AbstractBehaviour] NetworkBehaviourProcessor
[OverrideBehaviourFromSyncVarWithOnSerialize] NetworkBehaviourProcessor
[AbstractBehaviour] NetworkBehaviourProcessor
[OverrideBehaviourWithSyncVarFromSyncVarWithOnSerialize] NetworkBehaviourProcessor
[AttributeBehaviour_NetworkBehaviour] NetworkBehaviourProcessor
[DataSenderBehaviour] NetworkBehaviourProcessor
[PayloadTestBehaviour] NetworkBehaviourProcessor
[BehaviourWithEvents] NetworkBehaviourProcessor
[VirtualClientRpc] NetworkBehaviourProcessor
[VirtualClientRpc] NetworkBehaviourProcessor
[VirtualNoOverrideClientRpc] NetworkBehaviourProcessor
[VirtualClientRpc] NetworkBehaviourProcessor
[VirtualOverrideClientRpc] NetworkBehaviourProcessor
[VirtualClientRpc] NetworkBehaviourProcessor
[VirtualOverrideClientRpcWithBase] NetworkBehaviourProcessor
[ClientRpcBehaviour] NetworkBehaviourProcessor
[ExcludeOwnerBehaviour] NetworkBehaviourProcessor
[VirtualCommand] NetworkBehaviourProcessor
[VirtualCommand] NetworkBehaviourProcessor
[VirtualNoOverrideCommand] NetworkBehaviourProcessor
[VirtualCommand] NetworkBehaviourProcessor
[VirtualOverrideCommand] NetworkBehaviourProcessor
[VirtualCommand] NetworkBehaviourProcessor
[VirtualOverrideCommandWithBase] NetworkBehaviourProcessor
[VirtualCommand] NetworkBehaviourProcessor
[VirtualOverrideCommandWithBase] NetworkBehaviourProcessor
[VirtualOverrideCommandWithBase2] NetworkBehaviourProcessor
[AuthorityBehaviour] NetworkBehaviourProcessor
[IgnoreAuthorityBehaviour] NetworkBehaviourProcessor
[SenderConnectionBehaviour] NetworkBehaviourProcessor
[SenderConnectionIgnoreAuthorityBehaviour] NetworkBehaviourProcessor
[ThrowBehaviour] NetworkBehaviourProcessor
[RpcNetworkIdentityBehaviour] NetworkBehaviourProcessor
[VirtualTargetRpc] NetworkBehaviourProcessor
[VirtualTargetRpc] NetworkBehaviourProcessor
[VirtualNoOverrideTargetRpc] NetworkBehaviourProcessor
[VirtualTargetRpc] NetworkBehaviourProcessor
[VirtualOverrideTargetRpc] NetworkBehaviourProcessor
[VirtualTargetRpc] NetworkBehaviourProcessor
[VirtualOverrideTargetRpcWithBase] NetworkBehaviourProcessor
[TargetRpcBehaviour] NetworkBehaviourProcessor
Weave behaviours and messages took468 milliseconds
  ProcessSitesModule Mirror.Tests.dll elapsed time:00:00:00.0209950
Find all reader and writers took 104 milliseconds
Script Module: WeaverTestExtraAssembly.dll
Weave behaviours and messages took59 milliseconds
  ProcessSitesModule WeaverTestExtraAssembly.dll elapsed time:00:00:00.0029989
Find all reader and writers took 103 milliseconds
Script Module: Mirror.CompilerSymbols.dll
Weave behaviours and messages took0 milliseconds
Find all reader and writers took 176 milliseconds
Script Module: Unity.InternalAPIEditorBridge.001.dll
Weave behaviours and messages took1 milliseconds
Mono: successfully reloaded assembly
- Completed reload, in 13.143 seconds
Platform modules already initialized, skipping
========================================================================
Worker process is ready to serve import requests
Launched and connected shader compiler UnityShaderCompiler.exe after 0.05 seconds
Refreshing native plugins compatible for Editor in 0.66 ms, found 1 plugins.
Preloading 0 native plugins for Editor in 0.00 ms.
Unloading 2230 Unused Serialized files (Serialized files now loaded: 0)
System memory in use before: 99.1 MB.
System memory in use after: 99.1 MB.

Unloading 31 unused Assets to reduce memory usage. Loaded Objects now: 2667.
Total: 4.315500 ms (FindLiveObjects: 0.336000 ms CreateObjectMapping: 0.268500 ms MarkObjects: 3.558000 ms  DeleteObjects: 0.151800 ms)

========================================================================
Received Import Request.
  path: Assets/Prefabs/Cards/Creeps/Naked Greevil.prefab
  artifactKey: Guid(415ac5a8237b37141995d2d237388f29) Importer(815301076,1909f56bfc062723c751e8b465ee728b)
Start importing Assets/Prefabs/Cards/Creeps/Naked Greevil.prefab using Guid(415ac5a8237b37141995d2d237388f29) Importer(815301076,1909f56bfc062723c751e8b465ee728b)  -> (artifact id: 'e49c0111f2dff01d6959dbd3853f2bf1') in 0.254624 seconds
  Import took 0.260193 seconds .

========================================================================
Received Import Request.
  Time since last request: 0.000775 seconds.
  path: Assets/Prefabs/Cards/Creeps/Bronze Legionnaire.prefab
  artifactKey: Guid(eed1e559a4a022647a1376857a667b12) Importer(815301076,1909f56bfc062723c751e8b465ee728b)
Start importing Assets/Prefabs/Cards/Creeps/Bronze Legionnaire.prefab using Guid(eed1e559a4a022647a1376857a667b12) Importer(815301076,1909f56bfc062723c751e8b465ee728b)  -> (artifact id: '6d0d049fa7caffdfa859ff18761b6d02') in 0.059670 seconds
  Import took 0.064886 seconds .

========================================================================
Received Import Request.
  Time since last request: 0.000366 seconds.
  path: Assets/Prefabs/Cards/Creeps/Ogre Conscript.prefab
  artifactKey: Guid(70cc1769c0e21534d8b4221788d0ee21) Importer(815301076,1909f56bfc062723c751e8b465ee728b)
Start importing Assets/Prefabs/Cards/Creeps/Ogre Conscript.prefab using Guid(70cc1769c0e21534d8b4221788d0ee21) Importer(815301076,1909f56bfc062723c751e8b465ee728b)  -> (artifact id: 'e134bb815d198b6a33fa61b6720c19f0') in 0.062464 seconds
  Import took 0.068575 seconds .

========================================================================
Received Import Request.
  Time since last request: 0.000272 seconds.
  path: Assets/Prefabs/Cards/Creeps/Untested Grunt.prefab
  artifactKey: Guid(54bac0022f13167438852bfc2ad9fc0a) Importer(815301076,1909f56bfc062723c751e8b465ee728b)
Start importing Assets/Prefabs/Cards/Creeps/Untested Grunt.prefab using Guid(54bac0022f13167438852bfc2ad9fc0a) Importer(815301076,1909f56bfc062723c751e8b465ee728b)  -> (artifact id: '4b42d916a67c0ab53440076d8b11a853') in 0.076229 seconds
  Import took 0.090255 seconds .

========================================================================
Received Import Request.
  Time since last request: 0.000260 seconds.
  path: Assets/Prefabs/Cards/Creeps/Assassin's Shadow.prefab
  artifactKey: Guid(dadd78e4a58189d43ad30a5770fcfb4d) Importer(815301076,1909f56bfc062723c751e8b465ee728b)
Start importing Assets/Prefabs/Cards/Creeps/Assassin's Shadow.prefab using Guid(dadd78e4a58189d43ad30a5770fcfb4d) Importer(815301076,1909f56bfc062723c751e8b465ee728b)  -> (artifact id: 'f9dfdd8e55cab9587bc03762a5bcb2e9') in 0.197199 seconds
  Import took 0.202912 seconds .

========================================================================
Received Import Request.
  Time since last request: 0.000205 seconds.
  path: Assets/Prefabs/Cards/Creeps/Melee Creep.prefab
  artifactKey: Guid(8410494326a63544b86794e3ce2a13d4) Importer(815301076,1909f56bfc062723c751e8b465ee728b)
Start importing Assets/Prefabs/Cards/Creeps/Melee Creep.prefab using Guid(8410494326a63544b86794e3ce2a13d4) Importer(815301076,1909f56bfc062723c751e8b465ee728b)  -> (artifact id: 'e499e8dfb972d42678034a6ff24819e6') in 0.054833 seconds
  Import took 0.059294 seconds .

========================================================================
Received Import Request.
  Time since last request: 0.000242 seconds.
  path: Assets/Prefabs/Cards/Creeps/Assassin's Apprentice.prefab
  artifactKey: Guid(538da16d20edde843bf0daa534fe0425) Importer(815301076,1909f56bfc062723c751e8b465ee728b)
Start importing Assets/Prefabs/Cards/Creeps/Assassin's Apprentice.prefab using Guid(538da16d20edde843bf0daa534fe0425) Importer(815301076,1909f56bfc062723c751e8b465ee728b)  -> (artifact id: 'f597a650bdb13d18c91c2d8e3941c534') in 0.061464 seconds
  Import took 0.066765 seconds .

AssetImportWorkerClient::OnTransportError - code=2 error=End of file
